<?xml version="1.0" encoding="utf-8"?>
<TestRun id="ad8aaba6-24cd-4ef8-a5d3-3341a8659aec" name="user@DESKTOP-ATI2IPR 2026-09-14 10:39:47" runUser="DESKTOP-ATI2IPR\user" xmlns="http://microsoft.com/schemas/VisualStudio/TeamTest/2010">
  <Times creation="2026-09-14T10:39:47.3177690+09:00" queuing="2026-09-14T10:39:47.3177696+09:00" start="2026-09-14T10:39:46.2142977+09:00" finish="2026-09-14T10:39:47.3182593+09:00" />
  <TestSettings name="default" id="cb31a834-82a6-447d-a988-f20fc119b298">
    <Deployment runDeploymentRoot="user_DESKTOP-ATI2IPR_2026-09-14_10_39_47" />
  </TestSettings>
  <TestLists>
    <TestList name="목록에 없는 결과" id="8c84fa94-04c1-424b-9868-57a2d4851a1d" />
    <TestList name="로드된 모든 결과" id="19431567-8539-422a-85d7-44ee4e166bda" />
  </TestLists>
  <ResultSummary outcome="Completed">
    <Counters total="0" executed="0" passed="0" failed="0" error="0" timeout="0" aborted="0" inconclusive="0" passedButRunAborted="0" notRunnable="0" notExecuted="0" disconnected="0" warning="0" completed="0" inProgress="0" pending="0" />
    <RunInfos>
      <RunInfo computerName="DESKTOP-ATI2IPR" outcome="Warning" timestamp="2026-09-14T10:39:47.2482896+09:00">
        <Text>C:\Users\user\Desktop\work\BRemu\src\B2R2\src\FrontEnd\MIPS.Tests\bin\Debug\net10.0\B2R2.FrontEnd.MIPS.Tests.dll에 지정된 테스트 사례 필터 `FullyQualifiedName~MIPSRoundTrip`과(와) 일치하는 테스트가 없습니다.</Text>
      </RunInfo>
    </RunInfos>
  </ResultSummary>
</TestRun>